Using pre-set license
Built from '2020.3/release' branch; Version is '2020.3.12f1 (b3b2c6512326) revision 11776710'; Using compiler version '192528614'; Build Type 'Release'
OS: 'Windows 10 Home; OS build 22000.1455; Version 2009; 64bit' Language: 'en' Physical Memory: 8007 MB
BatchMode: 1, IsHumanControllingUs: 0, StartBugReporterOnCrash: 0, Is64bit: 1, IsPro: 0

 COMMAND LINE ARGUMENTS:
C:\Program Files\Unity\Hub\Editor\2020.3.12f1\Editor\Unity.exe
-adb2
-batchMode
-noUpm
-name
AssetImportWorker0
-projectPath
C:/Users/Algonquin CD/Desktop/GCunityprojects/GC - Super Shapes
-logFile
Logs/AssetImportWorker0.log
-srvPort
52170
Successfully changed project path to: C:/Users/Algonquin CD/Desktop/GCunityprojects/GC - Super Shapes
C:/Users/Algonquin CD/Desktop/GCunityprojects/GC - Super Shapes
Using Asset Import Pipeline V2.
Refreshing native plugins compatible for Editor in 69.19 ms, found 3 plugins.
Preloading 0 native plugins for Editor in 0.00 ms.
Initialize engine version: 2020.3.12f1 (b3b2c6512326)
[Subsystems] Discovering subsystems at path C:/Program Files/Unity/Hub/Editor/2020.3.12f1/Editor/Data/Resources/UnitySubsystems
[Subsystems] Discovering subsystems at path C:/Users/Algonquin CD/Desktop/GCunityprojects/GC - Super Shapes/Assets
GfxDevice: creating device client; threaded=0
Direct3D:
    Version:  Direct3D 11.0 [level 11.1]
    Renderer: Intel(R) UHD Graphics 620 (ID=0x5917)
    Vendor:   
    VRAM:     4003 MB
    Driver:   24.20.100.6344
Initialize mono
Mono path[0] = 'C:/Program Files/Unity/Hub/Editor/2020.3.12f1/Editor/Data/Managed'
Mono path[1] = 'C:/Program Files/Unity/Hub/Editor/2020.3.12f1/Editor/Data/MonoBleedingEdge/lib/mono/unityjit'
Mono config path = 'C:/Program Files/Unity/Hub/Editor/2020.3.12f1/Editor/Data/MonoBleedingEdge/etc'
Using monoOptions --debugger-agent=transport=dt_socket,embedding=1,server=y,suspend=n,address=127.0.0.1:56972
Begin MonoManager ReloadAssembly
Registering precompiled unity dll's ...
Register platform support module: C:/Program Files/Unity/Hub/Editor/2020.3.12f1/Editor/Data/PlaybackEngines/WindowsStandaloneSupport/UnityEditor.WindowsStandalone.Extensions.dll
Registered in 0.003899 seconds.
Native extension for WindowsStandalone target not found
Refreshing native plugins compatible for Editor in 61.19 ms, found 3 plugins.
Preloading 0 native plugins for Editor in 0.00 ms.
Mono: successfully reloaded assembly
- Completed reload, in  3.164 seconds
Platform modules already initialized, skipping
Registering precompiled user dll's ...
Registered in 0.207219 seconds.
Begin MonoManager ReloadAssembly
Native extension for WindowsStandalone target not found
Refreshing native plugins compatible for Editor in 46.50 ms, found 3 plugins.
Preloading 0 native plugins for Editor in 0.00 ms.
Mono: successfully reloaded assembly
- Completed reload, in  1.559 seconds
Platform modules already initialized, skipping
========================================================================
Worker process is ready to serve import requests
Launched and connected shader compiler UnityShaderCompiler.exe after 0.06 seconds
Refreshing native plugins compatible for Editor in 0.55 ms, found 3 plugins.
Preloading 0 native plugins for Editor in 0.00 ms.
Unloading 2161 Unused Serialized files (Serialized files now loaded: 0)
System memory in use before: 112.7 MB.
System memory in use after: 112.6 MB.

Unloading 37 unused Assets to reduce memory usage. Loaded Objects now: 2600.
Total: 3.327000 ms (FindLiveObjects: 0.282600 ms CreateObjectMapping: 0.117500 ms MarkObjects: 2.646600 ms  DeleteObjects: 0.279200 ms)

AssetImportParameters requested are different than current active one (requested -> active):
  custom:framework-win-MediaFoundation: 216162199b28c13a410421893ffa2e32 -> 
  custom:video-decoder-ogg-theora: a1e56fd34408186e4bbccfd4996cb3dc -> 
  custom:container-muxer-webm: aa71ff27fc2769a1b78a27578f13a17b -> 
  custom:container-demuxer-webm: 4f35f7cbe854078d1ac9338744f61a02 -> 
  custom:container-demuxer-ogg: 62fdf1f143b41e24485cea50d1cbac27 -> 
  custom:video-encoder-webm-vp8: eb34c28f22e8b96e1ab97ce403110664 -> 
  custom:video-codec-MediaFoundation-h265: 746d11721c4dcdbdad8f713fa42b33f4 -> 
  custom:video-decoder-webm-vp8: 9c59270c3fd7afecdb556c50c9e8de78 -> 
  custom:audio-decoder-ogg-vorbis: bf7c407c2cedff20999df2af8eb42d56 -> 
  custom:audio-encoder-webm-vorbis: bf7c407c2cedff20999df2af8eb42d56 -> 
========================================================================
Received Import Request.
  path: Assets/Scripts/PlayerControls.cs
  artifactKey: Guid(c69b5a5069339314b8cf1115fa71ac8f) Importer(815301076,1909f56bfc062723c751e8b465ee728b)
Start importing Assets/Scripts/PlayerControls.cs using Guid(c69b5a5069339314b8cf1115fa71ac8f) Importer(815301076,1909f56bfc062723c751e8b465ee728b)  -> (artifact id: '63724c2e276cab4c3782b8ded105b79b') in 0.071998 seconds 
  Import took 0.084771 seconds .

========================================================================
Received Import Request.
  Time since last request: 198.438761 seconds.
  path: Assets/Scripts/Shape.cs
  artifactKey: Guid(12e8373552587ed4bab05c035de8de2b) Importer(815301076,1909f56bfc062723c751e8b465ee728b)
Start importing Assets/Scripts/Shape.cs using Guid(12e8373552587ed4bab05c035de8de2b) Importer(815301076,1909f56bfc062723c751e8b465ee728b)  -> (artifact id: 'c82af797dba24393da85a4d412e444a1') in 0.013574 seconds 
  Import took 0.019728 seconds .

========================================================================
Received Import Request.
  Time since last request: 65.085628 seconds.
  path: Assets/Prefabs/3 Sides.prefab
  artifactKey: Guid(d147164ba903349459e2b69461634b0a) Importer(815301076,1909f56bfc062723c751e8b465ee728b)
Start importing Assets/Prefabs/3 Sides.prefab using Guid(d147164ba903349459e2b69461634b0a) Importer(815301076,1909f56bfc062723c751e8b465ee728b)  -> (artifact id: 'a436e1df3f86a5a9ada5e4cb4361cef6') in 0.103813 seconds 
  Import took 0.109444 seconds .

========================================================================
Received Import Request.
  Time since last request: 3.491220 seconds.
  path: Assets/Prefabs/3 Sides.prefab
  artifactKey: Guid(d147164ba903349459e2b69461634b0a) Importer(815301076,1909f56bfc062723c751e8b465ee728b)
Start importing Assets/Prefabs/3 Sides.prefab using Guid(d147164ba903349459e2b69461634b0a) Importer(815301076,1909f56bfc062723c751e8b465ee728b)  -> (artifact id: 'a8cead319e0e2bc0de97d83cb2006cf3') in 0.016926 seconds 
  Import took 0.022922 seconds .

========================================================================
Received Import Request.
  Time since last request: 121.732864 seconds.
  path: Assets/Prefabs/Hexagon.prefab
  artifactKey: Guid(b9974bbe1181ab348968ea07c769aa47) Importer(815301076,1909f56bfc062723c751e8b465ee728b)
Start importing Assets/Prefabs/Hexagon.prefab using Guid(b9974bbe1181ab348968ea07c769aa47) Importer(815301076,1909f56bfc062723c751e8b465ee728b)  -> (artifact id: 'dfe40e47a2b2151f347d84132c872003') in 0.032211 seconds 
  Import took 0.039696 seconds .

========================================================================
Received Import Request.
  Time since last request: 5.309769 seconds.
  path: Assets/Prefabs/Hexagon.prefab
  artifactKey: Guid(b9974bbe1181ab348968ea07c769aa47) Importer(815301076,1909f56bfc062723c751e8b465ee728b)
Start importing Assets/Prefabs/Hexagon.prefab using Guid(b9974bbe1181ab348968ea07c769aa47) Importer(815301076,1909f56bfc062723c751e8b465ee728b)  -> (artifact id: 'aada7b8343a3b3da541537ee3436fdc5') in 0.031670 seconds 
  Import took 0.039119 seconds .

========================================================================
Received Import Request.
  Time since last request: 12.690488 seconds.
  path: Assets/Prefabs/Hexagon.prefab
  artifactKey: Guid(b9974bbe1181ab348968ea07c769aa47) Importer(815301076,1909f56bfc062723c751e8b465ee728b)
Start importing Assets/Prefabs/Hexagon.prefab using Guid(b9974bbe1181ab348968ea07c769aa47) Importer(815301076,1909f56bfc062723c751e8b465ee728b)  -> (artifact id: 'ddb1b9f7fe0fae1ce36f86e6bc963612') in 0.025695 seconds 
  Import took 0.031719 seconds .

========================================================================
Received Import Request.
  Time since last request: 6.253077 seconds.
  path: Assets/Prefabs/Hexagon.prefab
  artifactKey: Guid(b9974bbe1181ab348968ea07c769aa47) Importer(815301076,1909f56bfc062723c751e8b465ee728b)
Start importing Assets/Prefabs/Hexagon.prefab using Guid(b9974bbe1181ab348968ea07c769aa47) Importer(815301076,1909f56bfc062723c751e8b465ee728b)  -> (artifact id: 'caf7f25a3abc73d1e6695b1c4cbf572f') in 0.021654 seconds 
  Import took 0.026838 seconds .

========================================================================
Received Import Request.
  Time since last request: 10.099366 seconds.
  path: Assets/Prefabs/Hexagon.prefab
  artifactKey: Guid(b9974bbe1181ab348968ea07c769aa47) Importer(815301076,1909f56bfc062723c751e8b465ee728b)
Start importing Assets/Prefabs/Hexagon.prefab using Guid(b9974bbe1181ab348968ea07c769aa47) Importer(815301076,1909f56bfc062723c751e8b465ee728b)  -> (artifact id: '6bc8ff175b8e373c87064f688eac30a1') in 0.021924 seconds 
  Import took 0.027718 seconds .

========================================================================
Received Import Request.
  Time since last request: 5.292616 seconds.
  path: Assets/Prefabs/Hexagon.prefab
  artifactKey: Guid(b9974bbe1181ab348968ea07c769aa47) Importer(815301076,1909f56bfc062723c751e8b465ee728b)
Start importing Assets/Prefabs/Hexagon.prefab using Guid(b9974bbe1181ab348968ea07c769aa47) Importer(815301076,1909f56bfc062723c751e8b465ee728b)  -> (artifact id: 'b11c0b7a6fb3a38324532d71b4c89361') in 0.022403 seconds 
  Import took 0.027750 seconds .

========================================================================
Received Import Request.
  Time since last request: 17.713783 seconds.
  path: Assets/Prefabs/Hexagon.prefab
  artifactKey: Guid(b9974bbe1181ab348968ea07c769aa47) Importer(815301076,1909f56bfc062723c751e8b465ee728b)
Start importing Assets/Prefabs/Hexagon.prefab using Guid(b9974bbe1181ab348968ea07c769aa47) Importer(815301076,1909f56bfc062723c751e8b465ee728b)  -> (artifact id: '7bd634fe5a21b838c95b4b69f9f86183') in 0.026289 seconds 
  Import took 0.033906 seconds .

========================================================================
Received Import Request.
  Time since last request: 40.729213 seconds.
  path: Assets/Prefabs/Pentagon.prefab
  artifactKey: Guid(e9a3ccafa5cb3c243b896ab583de24d7) Importer(815301076,1909f56bfc062723c751e8b465ee728b)
Start importing Assets/Prefabs/Pentagon.prefab using Guid(e9a3ccafa5cb3c243b896ab583de24d7) Importer(815301076,1909f56bfc062723c751e8b465ee728b)  -> (artifact id: '56155d14f5a8b19a5a4f224255e49748') in 0.021405 seconds 
  Import took 0.027036 seconds .

========================================================================
Received Import Request.
  Time since last request: 17.945316 seconds.
  path: Assets/Prefabs/Pentagon.prefab
  artifactKey: Guid(e9a3ccafa5cb3c243b896ab583de24d7) Importer(815301076,1909f56bfc062723c751e8b465ee728b)
Start importing Assets/Prefabs/Pentagon.prefab using Guid(e9a3ccafa5cb3c243b896ab583de24d7) Importer(815301076,1909f56bfc062723c751e8b465ee728b)  -> (artifact id: '46d58fbecbad29a9d1fce371d4b83a3e') in 0.016512 seconds 
  Import took 0.022514 seconds .

========================================================================
Received Import Request.
  Time since last request: 7.720866 seconds.
  path: Assets/Prefabs/Pentagon.prefab
  artifactKey: Guid(e9a3ccafa5cb3c243b896ab583de24d7) Importer(815301076,1909f56bfc062723c751e8b465ee728b)
Start importing Assets/Prefabs/Pentagon.prefab using Guid(e9a3ccafa5cb3c243b896ab583de24d7) Importer(815301076,1909f56bfc062723c751e8b465ee728b)  -> (artifact id: '259f031060645ab554606e293387e216') in 0.016113 seconds 
  Import took 0.022919 seconds .

========================================================================
Received Import Request.
  Time since last request: 4.441005 seconds.
  path: Assets/Prefabs/Pentagon.prefab
  artifactKey: Guid(e9a3ccafa5cb3c243b896ab583de24d7) Importer(815301076,1909f56bfc062723c751e8b465ee728b)
Start importing Assets/Prefabs/Pentagon.prefab using Guid(e9a3ccafa5cb3c243b896ab583de24d7) Importer(815301076,1909f56bfc062723c751e8b465ee728b)  -> (artifact id: 'db44a13d565575e33af8d6db1e43eb82') in 0.017739 seconds 
  Import took 0.023993 seconds .

========================================================================
Received Import Request.
  Time since last request: 14.727720 seconds.
  path: Assets/Prefabs/Pentagon.prefab
  artifactKey: Guid(e9a3ccafa5cb3c243b896ab583de24d7) Importer(815301076,1909f56bfc062723c751e8b465ee728b)
Start importing Assets/Prefabs/Pentagon.prefab using Guid(e9a3ccafa5cb3c243b896ab583de24d7) Importer(815301076,1909f56bfc062723c751e8b465ee728b)  -> (artifact id: 'f93067323e4968b2cf489f9bed1cf70c') in 0.018619 seconds 
  Import took 0.024542 seconds .

========================================================================
Received Import Request.
  Time since last request: 3.840731 seconds.
  path: Assets/Prefabs/Pentagon.prefab
  artifactKey: Guid(e9a3ccafa5cb3c243b896ab583de24d7) Importer(815301076,1909f56bfc062723c751e8b465ee728b)
Start importing Assets/Prefabs/Pentagon.prefab using Guid(e9a3ccafa5cb3c243b896ab583de24d7) Importer(815301076,1909f56bfc062723c751e8b465ee728b)  -> (artifact id: '478e4feaedc7be0708794795d80d2491') in 0.016864 seconds 
  Import took 0.021890 seconds .

========================================================================
Received Import Request.
  Time since last request: 4.050058 seconds.
  path: Assets/Prefabs/Pentagon.prefab
  artifactKey: Guid(e9a3ccafa5cb3c243b896ab583de24d7) Importer(815301076,1909f56bfc062723c751e8b465ee728b)
Start importing Assets/Prefabs/Pentagon.prefab using Guid(e9a3ccafa5cb3c243b896ab583de24d7) Importer(815301076,1909f56bfc062723c751e8b465ee728b)  -> (artifact id: 'b82430d936a4661610ba4cd31b2d2254') in 0.014896 seconds 
  Import took 0.022325 seconds .

========================================================================
Received Import Request.
  Time since last request: 138.520433 seconds.
  path: Assets/Prefabs/Triangle.prefab
  artifactKey: Guid(a7a20bb749b744044bb235ea1e406d4b) Importer(815301076,1909f56bfc062723c751e8b465ee728b)
Start importing Assets/Prefabs/Triangle.prefab using Guid(a7a20bb749b744044bb235ea1e406d4b) Importer(815301076,1909f56bfc062723c751e8b465ee728b)  -> (artifact id: 'edff81dd56976b20d097dfdf102cbbee') in 0.024902 seconds 
  Import took 0.031574 seconds .

========================================================================
Received Import Request.
  Time since last request: 3.933346 seconds.
  path: Assets/Prefabs/Triangle.prefab
  artifactKey: Guid(a7a20bb749b744044bb235ea1e406d4b) Importer(815301076,1909f56bfc062723c751e8b465ee728b)
Start importing Assets/Prefabs/Triangle.prefab using Guid(a7a20bb749b744044bb235ea1e406d4b) Importer(815301076,1909f56bfc062723c751e8b465ee728b)  -> (artifact id: '79efc661dfcaaa9fd14956d70c1cba3d') in 0.025977 seconds 
  Import took 0.031332 seconds .

========================================================================
Received Import Request.
  Time since last request: 82.115839 seconds.
  path: Assets/Prefabs/Triangle.prefab
  artifactKey: Guid(a7a20bb749b744044bb235ea1e406d4b) Importer(815301076,1909f56bfc062723c751e8b465ee728b)
Start importing Assets/Prefabs/Triangle.prefab using Guid(a7a20bb749b744044bb235ea1e406d4b) Importer(815301076,1909f56bfc062723c751e8b465ee728b)  -> (artifact id: 'a774a1fa23a238ca04eac393f19a4f2c') in 0.017206 seconds 
  Import took 0.022315 seconds .

========================================================================
Received Import Request.
  Time since last request: 120.211995 seconds.
  path: Assets/Prefabs/Triangle.prefab
  artifactKey: Guid(a7a20bb749b744044bb235ea1e406d4b) Importer(815301076,1909f56bfc062723c751e8b465ee728b)
Start importing Assets/Prefabs/Triangle.prefab using Guid(a7a20bb749b744044bb235ea1e406d4b) Importer(815301076,1909f56bfc062723c751e8b465ee728b)  -> (artifact id: '4b8b226ec75b5da5c50e76458e8a2b9f') in 0.019828 seconds 
  Import took 0.026329 seconds .

========================================================================
Received Import Request.
  Time since last request: 16.073832 seconds.
  path: Assets/Prefabs/Triangle.prefab
  artifactKey: Guid(a7a20bb749b744044bb235ea1e406d4b) Importer(815301076,1909f56bfc062723c751e8b465ee728b)
Start importing Assets/Prefabs/Triangle.prefab using Guid(a7a20bb749b744044bb235ea1e406d4b) Importer(815301076,1909f56bfc062723c751e8b465ee728b)  -> (artifact id: '24de2653520ea725aed02e8d9163edc4') in 0.015589 seconds 
  Import took 0.022412 seconds .

========================================================================
Received Import Request.
  Time since last request: 6.077447 seconds.
  path: Assets/Prefabs/Triangle.prefab
  artifactKey: Guid(a7a20bb749b744044bb235ea1e406d4b) Importer(815301076,1909f56bfc062723c751e8b465ee728b)
Start importing Assets/Prefabs/Triangle.prefab using Guid(a7a20bb749b744044bb235ea1e406d4b) Importer(815301076,1909f56bfc062723c751e8b465ee728b)  -> (artifact id: 'b14cc9f6b53af8a045a2d6c8430dd0d3') in 0.018006 seconds 
  Import took 0.022620 seconds .

========================================================================
Received Import Request.
  Time since last request: 3.765580 seconds.
  path: Assets/Prefabs/Triangle.prefab
  artifactKey: Guid(a7a20bb749b744044bb235ea1e406d4b) Importer(815301076,1909f56bfc062723c751e8b465ee728b)
Start importing Assets/Prefabs/Triangle.prefab using Guid(a7a20bb749b744044bb235ea1e406d4b) Importer(815301076,1909f56bfc062723c751e8b465ee728b)  -> (artifact id: '5c691e94041c444eb2f03816664cd2cf') in 0.017359 seconds 
  Import took 0.024009 seconds .

========================================================================
Received Import Request.
  Time since last request: 66.498715 seconds.
  path: Assets/Scripts/GameController.cs
  artifactKey: Guid(86b769aa40b77e84bab5a665839ac8c8) Importer(815301076,1909f56bfc062723c751e8b465ee728b)
Start importing Assets/Scripts/GameController.cs using Guid(86b769aa40b77e84bab5a665839ac8c8) Importer(815301076,1909f56bfc062723c751e8b465ee728b)  -> (artifact id: '1b339eaa79978621f740d10b04d3e27f') in 0.016513 seconds 
  Import took 0.023835 seconds .

========================================================================
Received Prepare
Registering precompiled user dll's ...
Registered in 0.016167 seconds.
Begin MonoManager ReloadAssembly
Native extension for WindowsStandalone target not found
Refreshing native plugins compatible for Editor in 0.48 ms, found 3 plugins.
Preloading 0 native plugins for Editor in 0.00 ms.
Mono: successfully reloaded assembly
- Completed reload, in  1.137 seconds
Platform modules already initialized, skipping
Refreshing native plugins compatible for Editor in 0.58 ms, found 3 plugins.
Preloading 0 native plugins for Editor in 0.00 ms.
Unloading 2112 Unused Serialized files (Serialized files now loaded: 0)
System memory in use before: 111.2 MB.
System memory in use after: 111.2 MB.

Unloading 25 unused Assets to reduce memory usage. Loaded Objects now: 2611.
Total: 3.769400 ms (FindLiveObjects: 0.236600 ms CreateObjectMapping: 0.097200 ms MarkObjects: 3.198800 ms  DeleteObjects: 0.235800 ms)

AssetImportParameters requested are different than current active one (requested -> active):
  custom:framework-win-MediaFoundation: 216162199b28c13a410421893ffa2e32 -> 
  custom:video-decoder-ogg-theora: a1e56fd34408186e4bbccfd4996cb3dc -> 
  custom:container-muxer-webm: aa71ff27fc2769a1b78a27578f13a17b -> 
  custom:container-demuxer-webm: 4f35f7cbe854078d1ac9338744f61a02 -> 
  custom:container-demuxer-ogg: 62fdf1f143b41e24485cea50d1cbac27 -> 
  custom:video-encoder-webm-vp8: eb34c28f22e8b96e1ab97ce403110664 -> 
  custom:video-codec-MediaFoundation-h265: 746d11721c4dcdbdad8f713fa42b33f4 -> 
  custom:video-decoder-webm-vp8: 9c59270c3fd7afecdb556c50c9e8de78 -> 
  custom:audio-decoder-ogg-vorbis: bf7c407c2cedff20999df2af8eb42d56 -> 
  custom:audio-encoder-webm-vorbis: bf7c407c2cedff20999df2af8eb42d56 -> 
========================================================================
Received Import Request.
  Time since last request: 425.796409 seconds.
  path: Assets/Prefabs/3 Sides.prefab
  artifactKey: Guid(d147164ba903349459e2b69461634b0a) Importer(815301076,1909f56bfc062723c751e8b465ee728b)
Start importing Assets/Prefabs/3 Sides.prefab using Guid(d147164ba903349459e2b69461634b0a) Importer(815301076,1909f56bfc062723c751e8b465ee728b)  -> (artifact id: '87e00d3725d4f11e2c5cf12e44a33a80') in 0.080669 seconds 
  Import took 0.086436 seconds .

========================================================================
Received Prepare
Registering precompiled user dll's ...
Registered in 0.175064 seconds.
Begin MonoManager ReloadAssembly
Native extension for WindowsStandalone target not found
Refreshing native plugins compatible for Editor in 0.75 ms, found 3 plugins.
Preloading 0 native plugins for Editor in 0.00 ms.
Mono: successfully reloaded assembly
- Completed reload, in  2.304 seconds
Platform modules already initialized, skipping
Refreshing native plugins compatible for Editor in 1.06 ms, found 3 plugins.
Preloading 0 native plugins for Editor in 0.00 ms.
Unloading 2112 Unused Serialized files (Serialized files now loaded: 0)
System memory in use before: 111.3 MB.
System memory in use after: 111.2 MB.

Unloading 25 unused Assets to reduce memory usage. Loaded Objects now: 2616.
Total: 5.918100 ms (FindLiveObjects: 0.547400 ms CreateObjectMapping: 0.479000 ms MarkObjects: 4.473800 ms  DeleteObjects: 0.413500 ms)

AssetImportParameters requested are different than current active one (requested -> active):
  custom:framework-win-MediaFoundation: 216162199b28c13a410421893ffa2e32 -> 
  custom:video-decoder-ogg-theora: a1e56fd34408186e4bbccfd4996cb3dc -> 
  custom:container-muxer-webm: aa71ff27fc2769a1b78a27578f13a17b -> 
  custom:container-demuxer-webm: 4f35f7cbe854078d1ac9338744f61a02 -> 
  custom:container-demuxer-ogg: 62fdf1f143b41e24485cea50d1cbac27 -> 
  custom:video-encoder-webm-vp8: eb34c28f22e8b96e1ab97ce403110664 -> 
  custom:video-codec-MediaFoundation-h265: 746d11721c4dcdbdad8f713fa42b33f4 -> 
  custom:video-decoder-webm-vp8: 9c59270c3fd7afecdb556c50c9e8de78 -> 
  custom:audio-decoder-ogg-vorbis: bf7c407c2cedff20999df2af8eb42d56 -> 
  custom:audio-encoder-webm-vorbis: bf7c407c2cedff20999df2af8eb42d56 -> 
========================================================================
Received Prepare
Registering precompiled user dll's ...
Registered in 0.012228 seconds.
Begin MonoManager ReloadAssembly
Native extension for WindowsStandalone target not found
Refreshing native plugins compatible for Editor in 0.53 ms, found 3 plugins.
Preloading 0 native plugins for Editor in 0.00 ms.
Mono: successfully reloaded assembly
- Completed reload, in  1.748 seconds
Platform modules already initialized, skipping
Refreshing native plugins compatible for Editor in 0.64 ms, found 3 plugins.
Preloading 0 native plugins for Editor in 0.00 ms.
Unloading 2112 Unused Serialized files (Serialized files now loaded: 0)
System memory in use before: 111.3 MB.
System memory in use after: 111.2 MB.

Unloading 25 unused Assets to reduce memory usage. Loaded Objects now: 2620.
Total: 4.356700 ms (FindLiveObjects: 0.291000 ms CreateObjectMapping: 0.127400 ms MarkObjects: 3.538900 ms  DeleteObjects: 0.397700 ms)

AssetImportParameters requested are different than current active one (requested -> active):
  custom:framework-win-MediaFoundation: 216162199b28c13a410421893ffa2e32 -> 
  custom:video-decoder-ogg-theora: a1e56fd34408186e4bbccfd4996cb3dc -> 
  custom:container-muxer-webm: aa71ff27fc2769a1b78a27578f13a17b -> 
  custom:container-demuxer-webm: 4f35f7cbe854078d1ac9338744f61a02 -> 
  custom:container-demuxer-ogg: 62fdf1f143b41e24485cea50d1cbac27 -> 
  custom:video-encoder-webm-vp8: eb34c28f22e8b96e1ab97ce403110664 -> 
  custom:video-codec-MediaFoundation-h265: 746d11721c4dcdbdad8f713fa42b33f4 -> 
  custom:video-decoder-webm-vp8: 9c59270c3fd7afecdb556c50c9e8de78 -> 
  custom:audio-decoder-ogg-vorbis: bf7c407c2cedff20999df2af8eb42d56 -> 
  custom:audio-encoder-webm-vorbis: bf7c407c2cedff20999df2af8eb42d56 -> 
========================================================================
Received Prepare
Registering precompiled user dll's ...
Registered in 0.007491 seconds.
Begin MonoManager ReloadAssembly
Native extension for WindowsStandalone target not found
Refreshing native plugins compatible for Editor in 0.61 ms, found 3 plugins.
Preloading 0 native plugins for Editor in 0.00 ms.
Mono: successfully reloaded assembly
- Completed reload, in  1.510 seconds
Platform modules already initialized, skipping
Refreshing native plugins compatible for Editor in 0.93 ms, found 3 plugins.
Preloading 0 native plugins for Editor in 0.00 ms.
Unloading 2112 Unused Serialized files (Serialized files now loaded: 0)
System memory in use before: 111.3 MB.
System memory in use after: 111.2 MB.

Unloading 25 unused Assets to reduce memory usage. Loaded Objects now: 2624.
Total: 4.394300 ms (FindLiveObjects: 0.321000 ms CreateObjectMapping: 0.131100 ms MarkObjects: 3.470700 ms  DeleteObjects: 0.469100 ms)

AssetImportParameters requested are different than current active one (requested -> active):
  custom:framework-win-MediaFoundation: 216162199b28c13a410421893ffa2e32 -> 
  custom:video-decoder-ogg-theora: a1e56fd34408186e4bbccfd4996cb3dc -> 
  custom:container-muxer-webm: aa71ff27fc2769a1b78a27578f13a17b -> 
  custom:container-demuxer-webm: 4f35f7cbe854078d1ac9338744f61a02 -> 
  custom:container-demuxer-ogg: 62fdf1f143b41e24485cea50d1cbac27 -> 
  custom:video-encoder-webm-vp8: eb34c28f22e8b96e1ab97ce403110664 -> 
  custom:video-codec-MediaFoundation-h265: 746d11721c4dcdbdad8f713fa42b33f4 -> 
  custom:video-decoder-webm-vp8: 9c59270c3fd7afecdb556c50c9e8de78 -> 
  custom:audio-decoder-ogg-vorbis: bf7c407c2cedff20999df2af8eb42d56 -> 
  custom:audio-encoder-webm-vorbis: bf7c407c2cedff20999df2af8eb42d56 -> 
========================================================================
Received Prepare
Registering precompiled user dll's ...
Registered in 0.007835 seconds.
Begin MonoManager ReloadAssembly
Native extension for WindowsStandalone target not found
Refreshing native plugins compatible for Editor in 0.60 ms, found 3 plugins.
Preloading 0 native plugins for Editor in 0.00 ms.
Mono: successfully reloaded assembly
- Completed reload, in  1.528 seconds
Platform modules already initialized, skipping
Refreshing native plugins compatible for Editor in 0.70 ms, found 3 plugins.
Preloading 0 native plugins for Editor in 0.00 ms.
Unloading 2112 Unused Serialized files (Serialized files now loaded: 0)
System memory in use before: 111.4 MB.
System memory in use after: 111.3 MB.

Unloading 25 unused Assets to reduce memory usage. Loaded Objects now: 2628.
Total: 5.623800 ms (FindLiveObjects: 0.448200 ms CreateObjectMapping: 0.194200 ms MarkObjects: 4.527800 ms  DeleteObjects: 0.450700 ms)

AssetImportParameters requested are different than current active one (requested -> active):
  custom:framework-win-MediaFoundation: 216162199b28c13a410421893ffa2e32 -> 
  custom:video-decoder-ogg-theora: a1e56fd34408186e4bbccfd4996cb3dc -> 
  custom:container-muxer-webm: aa71ff27fc2769a1b78a27578f13a17b -> 
  custom:container-demuxer-webm: 4f35f7cbe854078d1ac9338744f61a02 -> 
  custom:container-demuxer-ogg: 62fdf1f143b41e24485cea50d1cbac27 -> 
  custom:video-encoder-webm-vp8: eb34c28f22e8b96e1ab97ce403110664 -> 
  custom:video-codec-MediaFoundation-h265: 746d11721c4dcdbdad8f713fa42b33f4 -> 
  custom:video-decoder-webm-vp8: 9c59270c3fd7afecdb556c50c9e8de78 -> 
  custom:audio-decoder-ogg-vorbis: bf7c407c2cedff20999df2af8eb42d56 -> 
  custom:audio-encoder-webm-vorbis: bf7c407c2cedff20999df2af8eb42d56 -> 
========================================================================
Received Prepare
Registering precompiled user dll's ...
Registered in 0.007685 seconds.
Begin MonoManager ReloadAssembly
Native extension for WindowsStandalone target not found
Refreshing native plugins compatible for Editor in 0.58 ms, found 3 plugins.
Preloading 0 native plugins for Editor in 0.00 ms.
Mono: successfully reloaded assembly
- Completed reload, in  1.476 seconds
Platform modules already initialized, skipping
Refreshing native plugins compatible for Editor in 0.66 ms, found 3 plugins.
Preloading 0 native plugins for Editor in 0.00 ms.
Unloading 2112 Unused Serialized files (Serialized files now loaded: 0)
System memory in use before: 111.4 MB.
System memory in use after: 111.3 MB.

Unloading 25 unused Assets to reduce memory usage. Loaded Objects now: 2632.
Total: 5.350700 ms (FindLiveObjects: 0.309800 ms CreateObjectMapping: 0.129700 ms MarkObjects: 3.901700 ms  DeleteObjects: 1.007300 ms)

AssetImportParameters requested are different than current active one (requested -> active):
  custom:framework-win-MediaFoundation: 216162199b28c13a410421893ffa2e32 -> 
  custom:video-decoder-ogg-theora: a1e56fd34408186e4bbccfd4996cb3dc -> 
  custom:container-muxer-webm: aa71ff27fc2769a1b78a27578f13a17b -> 
  custom:container-demuxer-webm: 4f35f7cbe854078d1ac9338744f61a02 -> 
  custom:container-demuxer-ogg: 62fdf1f143b41e24485cea50d1cbac27 -> 
  custom:video-encoder-webm-vp8: eb34c28f22e8b96e1ab97ce403110664 -> 
  custom:video-codec-MediaFoundation-h265: 746d11721c4dcdbdad8f713fa42b33f4 -> 
  custom:video-decoder-webm-vp8: 9c59270c3fd7afecdb556c50c9e8de78 -> 
  custom:audio-decoder-ogg-vorbis: bf7c407c2cedff20999df2af8eb42d56 -> 
  custom:audio-encoder-webm-vorbis: bf7c407c2cedff20999df2af8eb42d56 -> 
========================================================================
Received Prepare
Registering precompiled user dll's ...
Registered in 0.007733 seconds.
Begin MonoManager ReloadAssembly
Native extension for WindowsStandalone target not found
Refreshing native plugins compatible for Editor in 0.53 ms, found 3 plugins.
Preloading 0 native plugins for Editor in 0.00 ms.
Mono: successfully reloaded assembly
- Completed reload, in  1.492 seconds
Platform modules already initialized, skipping
Refreshing native plugins compatible for Editor in 1.03 ms, found 3 plugins.
Preloading 0 native plugins for Editor in 0.00 ms.
Unloading 2112 Unused Serialized files (Serialized files now loaded: 0)
System memory in use before: 111.4 MB.
System memory in use after: 111.3 MB.

Unloading 25 unused Assets to reduce memory usage. Loaded Objects now: 2636.
Total: 4.571100 ms (FindLiveObjects: 0.519000 ms CreateObjectMapping: 0.345500 ms MarkObjects: 3.372100 ms  DeleteObjects: 0.332600 ms)

AssetImportParameters requested are different than current active one (requested -> active):
  custom:framework-win-MediaFoundation: 216162199b28c13a410421893ffa2e32 -> 
  custom:video-decoder-ogg-theora: a1e56fd34408186e4bbccfd4996cb3dc -> 
  custom:container-muxer-webm: aa71ff27fc2769a1b78a27578f13a17b -> 
  custom:container-demuxer-webm: 4f35f7cbe854078d1ac9338744f61a02 -> 
  custom:container-demuxer-ogg: 62fdf1f143b41e24485cea50d1cbac27 -> 
  custom:video-encoder-webm-vp8: eb34c28f22e8b96e1ab97ce403110664 -> 
  custom:video-codec-MediaFoundation-h265: 746d11721c4dcdbdad8f713fa42b33f4 -> 
  custom:video-decoder-webm-vp8: 9c59270c3fd7afecdb556c50c9e8de78 -> 
  custom:audio-decoder-ogg-vorbis: bf7c407c2cedff20999df2af8eb42d56 -> 
  custom:audio-encoder-webm-vorbis: bf7c407c2cedff20999df2af8eb42d56 -> 
========================================================================
Received Prepare
Registering precompiled user dll's ...
Registered in 0.007621 seconds.
Begin MonoManager ReloadAssembly
Native extension for WindowsStandalone target not found
Refreshing native plugins compatible for Editor in 0.84 ms, found 3 plugins.
Preloading 0 native plugins for Editor in 0.00 ms.
Mono: successfully reloaded assembly
- Completed reload, in  1.619 seconds
Platform modules already initialized, skipping
Refreshing native plugins compatible for Editor in 0.50 ms, found 3 plugins.
Preloading 0 native plugins for Editor in 0.00 ms.
Unloading 2112 Unused Serialized files (Serialized files now loaded: 0)
System memory in use before: 111.4 MB.
System memory in use after: 111.3 MB.

Unloading 25 unused Assets to reduce memory usage. Loaded Objects now: 2640.
Total: 2.959000 ms (FindLiveObjects: 0.243700 ms CreateObjectMapping: 0.089700 ms MarkObjects: 2.388600 ms  DeleteObjects: 0.236000 ms)

AssetImportParameters requested are different than current active one (requested -> active):
  custom:framework-win-MediaFoundation: 216162199b28c13a410421893ffa2e32 -> 
  custom:video-decoder-ogg-theora: a1e56fd34408186e4bbccfd4996cb3dc -> 
  custom:container-muxer-webm: aa71ff27fc2769a1b78a27578f13a17b -> 
  custom:container-demuxer-webm: 4f35f7cbe854078d1ac9338744f61a02 -> 
  custom:container-demuxer-ogg: 62fdf1f143b41e24485cea50d1cbac27 -> 
  custom:video-encoder-webm-vp8: eb34c28f22e8b96e1ab97ce403110664 -> 
  custom:video-codec-MediaFoundation-h265: 746d11721c4dcdbdad8f713fa42b33f4 -> 
  custom:video-decoder-webm-vp8: 9c59270c3fd7afecdb556c50c9e8de78 -> 
  custom:audio-decoder-ogg-vorbis: bf7c407c2cedff20999df2af8eb42d56 -> 
  custom:audio-encoder-webm-vorbis: bf7c407c2cedff20999df2af8eb42d56 -> 
========================================================================
Received Import Request.
  Time since last request: 770.225140 seconds.
  path: Assets/Scripts/Rotator.cs
  artifactKey: Guid(859dc0283f4d37d41b7b7695e2d361be) Importer(815301076,1909f56bfc062723c751e8b465ee728b)
Start importing Assets/Scripts/Rotator.cs using Guid(859dc0283f4d37d41b7b7695e2d361be) Importer(815301076,1909f56bfc062723c751e8b465ee728b)  -> (artifact id: 'e268aeb602186ee5ee9b6b3bfd9704ca') in 0.013521 seconds 
  Import took 0.018723 seconds .

========================================================================
Received Prepare
Registering precompiled user dll's ...
Registered in 0.011106 seconds.
Begin MonoManager ReloadAssembly
Native extension for WindowsStandalone target not found
Refreshing native plugins compatible for Editor in 0.50 ms, found 3 plugins.
Preloading 0 native plugins for Editor in 0.00 ms.
Mono: successfully reloaded assembly
- Completed reload, in  1.364 seconds
Platform modules already initialized, skipping
Refreshing native plugins compatible for Editor in 0.52 ms, found 3 plugins.
Preloading 0 native plugins for Editor in 0.00 ms.
Unloading 2112 Unused Serialized files (Serialized files now loaded: 0)
System memory in use before: 111.4 MB.
System memory in use after: 111.3 MB.

Unloading 25 unused Assets to reduce memory usage. Loaded Objects now: 2644.
Total: 3.226200 ms (FindLiveObjects: 0.239000 ms CreateObjectMapping: 0.081800 ms MarkObjects: 2.669500 ms  DeleteObjects: 0.234700 ms)

AssetImportParameters requested are different than current active one (requested -> active):
  custom:framework-win-MediaFoundation: 216162199b28c13a410421893ffa2e32 -> 
  custom:video-decoder-ogg-theora: a1e56fd34408186e4bbccfd4996cb3dc -> 
  custom:container-muxer-webm: aa71ff27fc2769a1b78a27578f13a17b -> 
  custom:container-demuxer-webm: 4f35f7cbe854078d1ac9338744f61a02 -> 
  custom:container-demuxer-ogg: 62fdf1f143b41e24485cea50d1cbac27 -> 
  custom:video-encoder-webm-vp8: eb34c28f22e8b96e1ab97ce403110664 -> 
  custom:video-codec-MediaFoundation-h265: 746d11721c4dcdbdad8f713fa42b33f4 -> 
  custom:video-decoder-webm-vp8: 9c59270c3fd7afecdb556c50c9e8de78 -> 
  custom:audio-decoder-ogg-vorbis: bf7c407c2cedff20999df2af8eb42d56 -> 
  custom:audio-encoder-webm-vorbis: bf7c407c2cedff20999df2af8eb42d56 -> 
========================================================================
Received Import Request.
  Time since last request: 113.303614 seconds.
  path: Assets/Material/3Sides.mat
  artifactKey: Guid(fee322400c87cc4489e4dcbfe8d9c696) Importer(815301076,1909f56bfc062723c751e8b465ee728b)
Start importing Assets/Material/3Sides.mat using Guid(fee322400c87cc4489e4dcbfe8d9c696) Importer(815301076,1909f56bfc062723c751e8b465ee728b)  -> (artifact id: 'd38e7f4663c99d486ce412d447afb68c') in 0.163102 seconds 
  Import took 0.168981 seconds .

========================================================================
Received Import Request.
  Time since last request: 0.000253 seconds.
  path: Assets/Material/Pentagon.mat
  artifactKey: Guid(8fb6a11344a871140a21e1e673fbcf14) Importer(815301076,1909f56bfc062723c751e8b465ee728b)
Start importing Assets/Material/Pentagon.mat using Guid(8fb6a11344a871140a21e1e673fbcf14) Importer(815301076,1909f56bfc062723c751e8b465ee728b)  -> (artifact id: '23e4ae4af8f95972a8ac1d2fb89a6e64') in 0.016590 seconds 
  Import took 0.020668 seconds .

========================================================================
Received Import Request.
  Time since last request: 0.000325 seconds.
  path: Assets/Material/Player.mat
  artifactKey: Guid(921af07bfe8a92b4a954baa8305f56f4) Importer(815301076,1909f56bfc062723c751e8b465ee728b)
Start importing Assets/Material/Player.mat using Guid(921af07bfe8a92b4a954baa8305f56f4) Importer(815301076,1909f56bfc062723c751e8b465ee728b)  -> (artifact id: '154fe9f77c4b2070899f8edc3efc584a') in 0.030253 seconds 
  Import took 0.035369 seconds .

========================================================================
Received Import Request.
  Time since last request: 0.000361 seconds.
  path: Assets/Material/Hexagon.mat
  artifactKey: Guid(9c23a7df46aad054587e117dc89f2b88) Importer(815301076,1909f56bfc062723c751e8b465ee728b)
Start importing Assets/Material/Hexagon.mat using Guid(9c23a7df46aad054587e117dc89f2b88) Importer(815301076,1909f56bfc062723c751e8b465ee728b)  -> (artifact id: '6d3091fb90c4f5c64e42d9e8b97c44f0') in 0.020148 seconds 
  Import took 0.025583 seconds .

========================================================================
Received Import Request.
  Time since last request: 0.000386 seconds.
  path: Assets/Material/Triangle.mat
  artifactKey: Guid(fd9268f7f94256f48b4c12008a6f9a7b) Importer(815301076,1909f56bfc062723c751e8b465ee728b)
Start importing Assets/Material/Triangle.mat using Guid(fd9268f7f94256f48b4c12008a6f9a7b) Importer(815301076,1909f56bfc062723c751e8b465ee728b)  -> (artifact id: '63229f02464d039e66ec6870111363a7') in 0.022229 seconds 
  Import took 0.027390 seconds .

========================================================================
Received Import Request.
  Time since last request: 0.000425 seconds.
  path: Assets/Material/Hexagon.mat
  artifactKey: Guid(9c23a7df46aad054587e117dc89f2b88) Importer(815301076,1909f56bfc062723c751e8b465ee728b)
Start importing Assets/Material/Hexagon.mat using Guid(9c23a7df46aad054587e117dc89f2b88) Importer(815301076,1909f56bfc062723c751e8b465ee728b)  -> (artifact id: '6d3091fb90c4f5c64e42d9e8b97c44f0') in 0.015133 seconds 
  Import took 0.020144 seconds .

========================================================================
Received Import Request.
  Time since last request: 0.000616 seconds.
  path: Assets/Material/Triangle.mat
  artifactKey: Guid(fd9268f7f94256f48b4c12008a6f9a7b) Importer(815301076,1909f56bfc062723c751e8b465ee728b)
Start importing Assets/Material/Triangle.mat using Guid(fd9268f7f94256f48b4c12008a6f9a7b) Importer(815301076,1909f56bfc062723c751e8b465ee728b)  -> (artifact id: '63229f02464d039e66ec6870111363a7') in 0.017643 seconds 
  Import took 0.022804 seconds .

========================================================================
Received Prepare
Registering precompiled user dll's ...
Registered in 0.009026 seconds.
Begin MonoManager ReloadAssembly
Native extension for WindowsStandalone target not found
Refreshing native plugins compatible for Editor in 0.68 ms, found 3 plugins.
Preloading 0 native plugins for Editor in 0.00 ms.
Mono: successfully reloaded assembly
- Completed reload, in  1.377 seconds
Platform modules already initialized, skipping
Refreshing native plugins compatible for Editor in 0.50 ms, found 3 plugins.
Preloading 0 native plugins for Editor in 0.00 ms.
Unloading 2112 Unused Serialized files (Serialized files now loaded: 0)
System memory in use before: 111.6 MB.
System memory in use after: 111.5 MB.

Unloading 25 unused Assets to reduce memory usage. Loaded Objects now: 2682.
Total: 2.902600 ms (FindLiveObjects: 0.239000 ms CreateObjectMapping: 0.081200 ms MarkObjects: 2.349500 ms  DeleteObjects: 0.231900 ms)

AssetImportParameters requested are different than current active one (requested -> active):
  custom:framework-win-MediaFoundation: 216162199b28c13a410421893ffa2e32 -> 
  custom:video-decoder-ogg-theora: a1e56fd34408186e4bbccfd4996cb3dc -> 
  custom:container-muxer-webm: aa71ff27fc2769a1b78a27578f13a17b -> 
  custom:container-demuxer-webm: 4f35f7cbe854078d1ac9338744f61a02 -> 
  custom:container-demuxer-ogg: 62fdf1f143b41e24485cea50d1cbac27 -> 
  custom:video-encoder-webm-vp8: eb34c28f22e8b96e1ab97ce403110664 -> 
  custom:video-codec-MediaFoundation-h265: 746d11721c4dcdbdad8f713fa42b33f4 -> 
  custom:video-decoder-webm-vp8: 9c59270c3fd7afecdb556c50c9e8de78 -> 
  custom:audio-decoder-ogg-vorbis: bf7c407c2cedff20999df2af8eb42d56 -> 
  custom:audio-encoder-webm-vorbis: bf7c407c2cedff20999df2af8eb42d56 -> 
========================================================================
Received Prepare
Registering precompiled user dll's ...
Registered in 0.010189 seconds.
Begin MonoManager ReloadAssembly
Native extension for WindowsStandalone target not found
Refreshing native plugins compatible for Editor in 0.90 ms, found 3 plugins.
Preloading 0 native plugins for Editor in 0.00 ms.
Mono: successfully reloaded assembly
- Completed reload, in  1.268 seconds
Platform modules already initialized, skipping
Refreshing native plugins compatible for Editor in 0.58 ms, found 3 plugins.
Preloading 0 native plugins for Editor in 0.00 ms.
Unloading 2112 Unused Serialized files (Serialized files now loaded: 0)
System memory in use before: 111.6 MB.
System memory in use after: 111.5 MB.

Unloading 25 unused Assets to reduce memory usage. Loaded Objects now: 2686.
Total: 3.149900 ms (FindLiveObjects: 0.295800 ms CreateObjectMapping: 0.163400 ms MarkObjects: 2.449000 ms  DeleteObjects: 0.240200 ms)

AssetImportParameters requested are different than current active one (requested -> active):
  custom:framework-win-MediaFoundation: 216162199b28c13a410421893ffa2e32 -> 
  custom:video-decoder-ogg-theora: a1e56fd34408186e4bbccfd4996cb3dc -> 
  custom:container-muxer-webm: aa71ff27fc2769a1b78a27578f13a17b -> 
  custom:container-demuxer-webm: 4f35f7cbe854078d1ac9338744f61a02 -> 
  custom:container-demuxer-ogg: 62fdf1f143b41e24485cea50d1cbac27 -> 
  custom:video-encoder-webm-vp8: eb34c28f22e8b96e1ab97ce403110664 -> 
  custom:video-codec-MediaFoundation-h265: 746d11721c4dcdbdad8f713fa42b33f4 -> 
  custom:video-decoder-webm-vp8: 9c59270c3fd7afecdb556c50c9e8de78 -> 
  custom:audio-decoder-ogg-vorbis: bf7c407c2cedff20999df2af8eb42d56 -> 
  custom:audio-encoder-webm-vorbis: bf7c407c2cedff20999df2af8eb42d56 -> 
========================================================================
Received Prepare
Registering precompiled user dll's ...
Registered in 0.008030 seconds.
Begin MonoManager ReloadAssembly
Native extension for WindowsStandalone target not found
Refreshing native plugins compatible for Editor in 0.47 ms, found 3 plugins.
Preloading 0 native plugins for Editor in 0.00 ms.
Mono: successfully reloaded assembly
- Completed reload, in  1.147 seconds
Platform modules already initialized, skipping
Refreshing native plugins compatible for Editor in 0.51 ms, found 3 plugins.
Preloading 0 native plugins for Editor in 0.00 ms.
Unloading 2112 Unused Serialized files (Serialized files now loaded: 0)
System memory in use before: 111.6 MB.
System memory in use after: 111.5 MB.

Unloading 25 unused Assets to reduce memory usage. Loaded Objects now: 2690.
Total: 3.161700 ms (FindLiveObjects: 0.251200 ms CreateObjectMapping: 0.079400 ms MarkObjects: 2.588200 ms  DeleteObjects: 0.241600 ms)

AssetImportParameters requested are different than current active one (requested -> active):
  custom:framework-win-MediaFoundation: 216162199b28c13a410421893ffa2e32 -> 
  custom:video-decoder-ogg-theora: a1e56fd34408186e4bbccfd4996cb3dc -> 
  custom:container-muxer-webm: aa71ff27fc2769a1b78a27578f13a17b -> 
  custom:container-demuxer-webm: 4f35f7cbe854078d1ac9338744f61a02 -> 
  custom:container-demuxer-ogg: 62fdf1f143b41e24485cea50d1cbac27 -> 
  custom:video-encoder-webm-vp8: eb34c28f22e8b96e1ab97ce403110664 -> 
  custom:video-codec-MediaFoundation-h265: 746d11721c4dcdbdad8f713fa42b33f4 -> 
  custom:video-decoder-webm-vp8: 9c59270c3fd7afecdb556c50c9e8de78 -> 
  custom:audio-decoder-ogg-vorbis: bf7c407c2cedff20999df2af8eb42d56 -> 
  custom:audio-encoder-webm-vorbis: bf7c407c2cedff20999df2af8eb42d56 -> 
========================================================================
Received Prepare
Registering precompiled user dll's ...
Registered in 0.007252 seconds.
Begin MonoManager ReloadAssembly
Native extension for WindowsStandalone target not found
Refreshing native plugins compatible for Editor in 0.47 ms, found 3 plugins.
Preloading 0 native plugins for Editor in 0.00 ms.
Mono: successfully reloaded assembly
- Completed reload, in  1.365 seconds
Platform modules already initialized, skipping
Refreshing native plugins compatible for Editor in 0.95 ms, found 3 plugins.
Preloading 0 native plugins for Editor in 0.00 ms.
Unloading 2112 Unused Serialized files (Serialized files now loaded: 0)
System memory in use before: 111.6 MB.
System memory in use after: 111.5 MB.

Unloading 25 unused Assets to reduce memory usage. Loaded Objects now: 2694.
Total: 3.332000 ms (FindLiveObjects: 0.240700 ms CreateObjectMapping: 0.130500 ms MarkObjects: 2.725800 ms  DeleteObjects: 0.233900 ms)

AssetImportParameters requested are different than current active one (requested -> active):
  custom:framework-win-MediaFoundation: 216162199b28c13a410421893ffa2e32 -> 
  custom:video-decoder-ogg-theora: a1e56fd34408186e4bbccfd4996cb3dc -> 
  custom:container-muxer-webm: aa71ff27fc2769a1b78a27578f13a17b -> 
  custom:container-demuxer-webm: 4f35f7cbe854078d1ac9338744f61a02 -> 
  custom:container-demuxer-ogg: 62fdf1f143b41e24485cea50d1cbac27 -> 
  custom:video-encoder-webm-vp8: eb34c28f22e8b96e1ab97ce403110664 -> 
  custom:video-codec-MediaFoundation-h265: 746d11721c4dcdbdad8f713fa42b33f4 -> 
  custom:video-decoder-webm-vp8: 9c59270c3fd7afecdb556c50c9e8de78 -> 
  custom:audio-decoder-ogg-vorbis: bf7c407c2cedff20999df2af8eb42d56 -> 
  custom:audio-encoder-webm-vorbis: bf7c407c2cedff20999df2af8eb42d56 -> 
========================================================================
Received Prepare
Registering precompiled user dll's ...
Registered in 0.010568 seconds.
Begin MonoManager ReloadAssembly
Native extension for WindowsStandalone target not found
Refreshing native plugins compatible for Editor in 0.47 ms, found 3 plugins.
Preloading 0 native plugins for Editor in 0.00 ms.
Mono: successfully reloaded assembly
- Completed reload, in  1.216 seconds
Platform modules already initialized, skipping
Refreshing native plugins compatible for Editor in 0.49 ms, found 3 plugins.
Preloading 0 native plugins for Editor in 0.00 ms.
Unloading 2112 Unused Serialized files (Serialized files now loaded: 0)
System memory in use before: 111.6 MB.
System memory in use after: 111.6 MB.

Unloading 25 unused Assets to reduce memory usage. Loaded Objects now: 2698.
Total: 2.969300 ms (FindLiveObjects: 0.255000 ms CreateObjectMapping: 0.096100 ms MarkObjects: 2.380400 ms  DeleteObjects: 0.236800 ms)

AssetImportParameters requested are different than current active one (requested -> active):
  custom:framework-win-MediaFoundation: 216162199b28c13a410421893ffa2e32 -> 
  custom:video-decoder-ogg-theora: a1e56fd34408186e4bbccfd4996cb3dc -> 
  custom:container-muxer-webm: aa71ff27fc2769a1b78a27578f13a17b -> 
  custom:container-demuxer-webm: 4f35f7cbe854078d1ac9338744f61a02 -> 
  custom:container-demuxer-ogg: 62fdf1f143b41e24485cea50d1cbac27 -> 
  custom:video-encoder-webm-vp8: eb34c28f22e8b96e1ab97ce403110664 -> 
  custom:video-codec-MediaFoundation-h265: 746d11721c4dcdbdad8f713fa42b33f4 -> 
  custom:video-decoder-webm-vp8: 9c59270c3fd7afecdb556c50c9e8de78 -> 
  custom:audio-decoder-ogg-vorbis: bf7c407c2cedff20999df2af8eb42d56 -> 
  custom:audio-encoder-webm-vorbis: bf7c407c2cedff20999df2af8eb42d56 -> 
========================================================================
Received Prepare
Registering precompiled user dll's ...
Registered in 0.007397 seconds.
Begin MonoManager ReloadAssembly
Native extension for WindowsStandalone target not found
Refreshing native plugins compatible for Editor in 0.96 ms, found 3 plugins.
Preloading 0 native plugins for Editor in 0.00 ms.
Mono: successfully reloaded assembly
- Completed reload, in  1.549 seconds
Platform modules already initialized, skipping
Refreshing native plugins compatible for Editor in 0.80 ms, found 3 plugins.
Preloading 0 native plugins for Editor in 0.00 ms.
Unloading 2112 Unused Serialized files (Serialized files now loaded: 0)
System memory in use before: 112.0 MB.
System memory in use after: 111.9 MB.

Unloading 25 unused Assets to reduce memory usage. Loaded Objects now: 2702.
Total: 5.144400 ms (FindLiveObjects: 0.343700 ms CreateObjectMapping: 0.139000 ms MarkObjects: 4.304100 ms  DeleteObjects: 0.355000 ms)

AssetImportParameters requested are different than current active one (requested -> active):
  custom:framework-win-MediaFoundation: 216162199b28c13a410421893ffa2e32 -> 
  custom:video-decoder-ogg-theora: a1e56fd34408186e4bbccfd4996cb3dc -> 
  custom:container-muxer-webm: aa71ff27fc2769a1b78a27578f13a17b -> 
  custom:container-demuxer-webm: 4f35f7cbe854078d1ac9338744f61a02 -> 
  custom:container-demuxer-ogg: 62fdf1f143b41e24485cea50d1cbac27 -> 
  custom:video-encoder-webm-vp8: eb34c28f22e8b96e1ab97ce403110664 -> 
  custom:video-codec-MediaFoundation-h265: 746d11721c4dcdbdad8f713fa42b33f4 -> 
  custom:video-decoder-webm-vp8: 9c59270c3fd7afecdb556c50c9e8de78 -> 
  custom:audio-decoder-ogg-vorbis: bf7c407c2cedff20999df2af8eb42d56 -> 
  custom:audio-encoder-webm-vorbis: bf7c407c2cedff20999df2af8eb42d56 -> 
========================================================================
Received Prepare
Registering precompiled user dll's ...
Registered in 0.007502 seconds.
Begin MonoManager ReloadAssembly
Native extension for WindowsStandalone target not found
Refreshing native plugins compatible for Editor in 0.59 ms, found 3 plugins.
Preloading 0 native plugins for Editor in 0.00 ms.
Mono: successfully reloaded assembly
- Completed reload, in  1.495 seconds
Platform modules already initialized, skipping
Refreshing native plugins compatible for Editor in 0.72 ms, found 3 plugins.
Preloading 0 native plugins for Editor in 0.00 ms.
Unloading 2112 Unused Serialized files (Serialized files now loaded: 0)
System memory in use before: 111.8 MB.
System memory in use after: 111.7 MB.

Unloading 25 unused Assets to reduce memory usage. Loaded Objects now: 2706.
Total: 5.112800 ms (FindLiveObjects: 0.531900 ms CreateObjectMapping: 0.391600 ms MarkObjects: 3.865200 ms  DeleteObjects: 0.321900 ms)

AssetImportParameters requested are different than current active one (requested -> active):
  custom:framework-win-MediaFoundation: 216162199b28c13a410421893ffa2e32 -> 
  custom:video-decoder-ogg-theora: a1e56fd34408186e4bbccfd4996cb3dc -> 
  custom:container-muxer-webm: aa71ff27fc2769a1b78a27578f13a17b -> 
  custom:container-demuxer-webm: 4f35f7cbe854078d1ac9338744f61a02 -> 
  custom:container-demuxer-ogg: 62fdf1f143b41e24485cea50d1cbac27 -> 
  custom:video-encoder-webm-vp8: eb34c28f22e8b96e1ab97ce403110664 -> 
  custom:video-codec-MediaFoundation-h265: 746d11721c4dcdbdad8f713fa42b33f4 -> 
  custom:video-decoder-webm-vp8: 9c59270c3fd7afecdb556c50c9e8de78 -> 
  custom:audio-decoder-ogg-vorbis: bf7c407c2cedff20999df2af8eb42d56 -> 
  custom:audio-encoder-webm-vorbis: bf7c407c2cedff20999df2af8eb42d56 -> 
========================================================================
Received Prepare
Registering precompiled user dll's ...
Registered in 0.007420 seconds.
Begin MonoManager ReloadAssembly
Native extension for WindowsStandalone target not found
Refreshing native plugins compatible for Editor in 0.55 ms, found 3 plugins.
Preloading 0 native plugins for Editor in 0.00 ms.
Mono: successfully reloaded assembly
- Completed reload, in  1.476 seconds
Platform modules already initialized, skipping
Refreshing native plugins compatible for Editor in 0.70 ms, found 3 plugins.
Preloading 0 native plugins for Editor in 0.00 ms.
Unloading 2112 Unused Serialized files (Serialized files now loaded: 0)
System memory in use before: 111.8 MB.
System memory in use after: 111.7 MB.

Unloading 25 unused Assets to reduce memory usage. Loaded Objects now: 2710.
Total: 5.279600 ms (FindLiveObjects: 0.340800 ms CreateObjectMapping: 0.161700 ms MarkObjects: 4.318700 ms  DeleteObjects: 0.456200 ms)

AssetImportParameters requested are different than current active one (requested -> active):
  custom:framework-win-MediaFoundation: 216162199b28c13a410421893ffa2e32 -> 
  custom:video-decoder-ogg-theora: a1e56fd34408186e4bbccfd4996cb3dc -> 
  custom:container-muxer-webm: aa71ff27fc2769a1b78a27578f13a17b -> 
  custom:container-demuxer-webm: 4f35f7cbe854078d1ac9338744f61a02 -> 
  custom:container-demuxer-ogg: 62fdf1f143b41e24485cea50d1cbac27 -> 
  custom:video-encoder-webm-vp8: eb34c28f22e8b96e1ab97ce403110664 -> 
  custom:video-codec-MediaFoundation-h265: 746d11721c4dcdbdad8f713fa42b33f4 -> 
  custom:video-decoder-webm-vp8: 9c59270c3fd7afecdb556c50c9e8de78 -> 
  custom:audio-decoder-ogg-vorbis: bf7c407c2cedff20999df2af8eb42d56 -> 
  custom:audio-encoder-webm-vorbis: bf7c407c2cedff20999df2af8eb42d56 -> 
========================================================================
Received Prepare
Registering precompiled user dll's ...
Registered in 0.007815 seconds.
Begin MonoManager ReloadAssembly
Native extension for WindowsStandalone target not found
Refreshing native plugins compatible for Editor in 0.56 ms, found 3 plugins.
Preloading 0 native plugins for Editor in 0.00 ms.
Mono: successfully reloaded assembly
- Completed reload, in  1.488 seconds
Platform modules already initialized, skipping
Refreshing native plugins compatible for Editor in 0.77 ms, found 3 plugins.
Preloading 0 native plugins for Editor in 0.00 ms.
Unloading 2112 Unused Serialized files (Serialized files now loaded: 0)
System memory in use before: 111.8 MB.
System memory in use after: 111.8 MB.

Unloading 25 unused Assets to reduce memory usage. Loaded Objects now: 2714.
Total: 4.718800 ms (FindLiveObjects: 0.609500 ms CreateObjectMapping: 0.274300 ms MarkObjects: 3.526000 ms  DeleteObjects: 0.306800 ms)

AssetImportParameters requested are different than current active one (requested -> active):
  custom:framework-win-MediaFoundation: 216162199b28c13a410421893ffa2e32 -> 
  custom:video-decoder-ogg-theora: a1e56fd34408186e4bbccfd4996cb3dc -> 
  custom:container-muxer-webm: aa71ff27fc2769a1b78a27578f13a17b -> 
  custom:container-demuxer-webm: 4f35f7cbe854078d1ac9338744f61a02 -> 
  custom:container-demuxer-ogg: 62fdf1f143b41e24485cea50d1cbac27 -> 
  custom:video-encoder-webm-vp8: eb34c28f22e8b96e1ab97ce403110664 -> 
  custom:video-codec-MediaFoundation-h265: 746d11721c4dcdbdad8f713fa42b33f4 -> 
  custom:video-decoder-webm-vp8: 9c59270c3fd7afecdb556c50c9e8de78 -> 
  custom:audio-decoder-ogg-vorbis: bf7c407c2cedff20999df2af8eb42d56 -> 
  custom:audio-encoder-webm-vorbis: bf7c407c2cedff20999df2af8eb42d56 -> 
========================================================================
Received Prepare
Registering precompiled user dll's ...
Registered in 0.007524 seconds.
Begin MonoManager ReloadAssembly
Native extension for WindowsStandalone target not found
Refreshing native plugins compatible for Editor in 0.56 ms, found 3 plugins.
Preloading 0 native plugins for Editor in 0.00 ms.
Mono: successfully reloaded assembly
- Completed reload, in  1.550 seconds
Platform modules already initialized, skipping
Refreshing native plugins compatible for Editor in 1.14 ms, found 3 plugins.
Preloading 0 native plugins for Editor in 0.00 ms.
Unloading 2112 Unused Serialized files (Serialized files now loaded: 0)
System memory in use before: 111.8 MB.
System memory in use after: 111.8 MB.

Unloading 25 unused Assets to reduce memory usage. Loaded Objects now: 2718.
Total: 9.418900 ms (FindLiveObjects: 0.708900 ms CreateObjectMapping: 0.495800 ms MarkObjects: 7.646000 ms  DeleteObjects: 0.565100 ms)

AssetImportParameters requested are different than current active one (requested -> active):
  custom:framework-win-MediaFoundation: 216162199b28c13a410421893ffa2e32 -> 
  custom:video-decoder-ogg-theora: a1e56fd34408186e4bbccfd4996cb3dc -> 
  custom:container-muxer-webm: aa71ff27fc2769a1b78a27578f13a17b -> 
  custom:container-demuxer-webm: 4f35f7cbe854078d1ac9338744f61a02 -> 
  custom:container-demuxer-ogg: 62fdf1f143b41e24485cea50d1cbac27 -> 
  custom:video-encoder-webm-vp8: eb34c28f22e8b96e1ab97ce403110664 -> 
  custom:video-codec-MediaFoundation-h265: 746d11721c4dcdbdad8f713fa42b33f4 -> 
  custom:video-decoder-webm-vp8: 9c59270c3fd7afecdb556c50c9e8de78 -> 
  custom:audio-decoder-ogg-vorbis: bf7c407c2cedff20999df2af8eb42d56 -> 
  custom:audio-encoder-webm-vorbis: bf7c407c2cedff20999df2af8eb42d56 -> 
========================================================================
Received Prepare
Registering precompiled user dll's ...
Registered in 0.017161 seconds.
Begin MonoManager ReloadAssembly
Native extension for WindowsStandalone target not found
Refreshing native plugins compatible for Editor in 0.48 ms, found 3 plugins.
Preloading 0 native plugins for Editor in 0.00 ms.
Mono: successfully reloaded assembly
- Completed reload, in  1.352 seconds
Platform modules already initialized, skipping
Refreshing native plugins compatible for Editor in 0.55 ms, found 3 plugins.
Preloading 0 native plugins for Editor in 0.00 ms.
Unloading 2112 Unused Serialized files (Serialized files now loaded: 0)
System memory in use before: 111.8 MB.
System memory in use after: 111.8 MB.

Unloading 25 unused Assets to reduce memory usage. Loaded Objects now: 2722.
Total: 3.447200 ms (FindLiveObjects: 0.270700 ms CreateObjectMapping: 0.090200 ms MarkObjects: 2.833600 ms  DeleteObjects: 0.251700 ms)

AssetImportParameters requested are different than current active one (requested -> active):
  custom:framework-win-MediaFoundation: 216162199b28c13a410421893ffa2e32 -> 
  custom:video-decoder-ogg-theora: a1e56fd34408186e4bbccfd4996cb3dc -> 
  custom:container-muxer-webm: aa71ff27fc2769a1b78a27578f13a17b -> 
  custom:container-demuxer-webm: 4f35f7cbe854078d1ac9338744f61a02 -> 
  custom:container-demuxer-ogg: 62fdf1f143b41e24485cea50d1cbac27 -> 
  custom:video-encoder-webm-vp8: eb34c28f22e8b96e1ab97ce403110664 -> 
  custom:video-codec-MediaFoundation-h265: 746d11721c4dcdbdad8f713fa42b33f4 -> 
  custom:video-decoder-webm-vp8: 9c59270c3fd7afecdb556c50c9e8de78 -> 
  custom:audio-decoder-ogg-vorbis: bf7c407c2cedff20999df2af8eb42d56 -> 
  custom:audio-encoder-webm-vorbis: bf7c407c2cedff20999df2af8eb42d56 -> 
AssetImportWorkerClient::OnTransportError - code=2 error=End of file
